# JRE version: Java(TM) SE Runtime Environment (17.0.1+12) (build 17.0.1+12-LTS-39)
# Java VM: Java HotSpot(TM) 64-Bit Server VM (17.0.1+12-LTS-39, mixed mode, sharing, tiered, compressed oops, compressed class ptrs, g1 gc, windows-amd64)
GC Precious Log:
 CPUs: 12 total, 12 available
 Memory: 14127M
 Large Page Support: Disabled
 NUMA Support: Disabled
 Compressed Oops: Enabled (Zero based)
 Heap Region Size: 2M
 Heap Min Capacity: 8M
 Heap Initial Capacity: 222M
 Heap Max Capacity: 3532M
 Pre-touch: Disabled
 Parallel Workers: 10
 Concurrent Workers: 3
 Concurrent Refinement Workers: 10
 Periodic GC: Disabled
Heap:
 garbage-first heap   total 61440K, used 34279K [0x0000000723400000, 0x0000000800000000)
  region size 2048K, 2 young (4096K), 1 survivors (2048K)
 Metaspace       used 77364K, committed 77952K, reserved 1122304K
  class space    used 10610K, committed 10880K, reserved 1048576K
GC Heap History (20 events):
Event: 2.758 GC heap before
{Heap before GC invocations=11 (full 0):
 garbage-first heap   total 61440K, used 45241K [0x0000000723400000, 0x0000000800000000)
  region size 2048K, 14 young (28672K), 2 survivors (4096K)
 Metaspace       used 49634K, committed 50112K, reserved 1097728K
  class space    used 6702K, committed 6912K, reserved 1048576K
}
Event: 2.759 GC heap after
{Heap after GC invocations=12 (full 0):
 garbage-first heap   total 61440K, used 22111K [0x0000000723400000, 0x0000000800000000)
  region size 2048K, 2 young (4096K), 2 survivors (4096K)
 Metaspace       used 49634K, committed 50112K, reserved 1097728K
  class space    used 6702K, committed 6912K, reserved 1048576K
}
Event: 3.017 GC heap before
{Heap before GC invocations=12 (full 0):
 garbage-first heap   total 61440K, used 44639K [0x0000000723400000, 0x0000000800000000)
  region size 2048K, 13 young (26624K), 2 survivors (4096K)
 Metaspace       used 55126K, committed 55616K, reserved 1097728K
  class space    used 7648K, committed 7872K, reserved 1048576K
}
Event: 3.019 GC heap after
{Heap after GC invocations=13 (full 0):
 garbage-first heap   total 61440K, used 23131K [0x0000000723400000, 0x0000000800000000)
  region size 2048K, 2 young (4096K), 2 survivors (4096K)
 Metaspace       used 55126K, committed 55616K, reserved 1097728K
  class space    used 7648K, committed 7872K, reserved 1048576K
}
Event: 3.236 GC heap before
{Heap before GC invocations=13 (full 0):
 garbage-first heap   total 61440K, used 45659K [0x0000000723400000, 0x0000000800000000)
  region size 2048K, 13 young (26624K), 2 survivors (4096K)
 Metaspace       used 58157K, committed 58624K, reserved 1105920K
  class space    used 8022K, committed 8256K, reserved 1048576K
}
Event: 3.238 GC heap after
{Heap after GC invocations=14 (full 0):
 garbage-first heap   total 61440K, used 24948K [0x0000000723400000, 0x0000000800000000)
  region size 2048K, 2 young (4096K), 2 survivors (4096K)
 Metaspace       used 58157K, committed 58624K, reserved 1105920K
  class space    used 8022K, committed 8256K, reserved 1048576K
}
Event: 3.331 GC heap before
{Heap before GC invocations=14 (full 0):
 garbage-first heap   total 61440K, used 31092K [0x0000000723400000, 0x0000000800000000)
  region size 2048K, 6 young (12288K), 2 survivors (4096K)
 Metaspace       used 59651K, committed 60096K, reserved 1105920K
  class space    used 8260K, committed 8448K, reserved 1048576K
}
Event: 3.332 GC heap after
{Heap after GC invocations=15 (full 0):
 garbage-first heap   total 61440K, used 25596K [0x0000000723400000, 0x0000000800000000)
  region size 2048K, 2 young (4096K), 2 survivors (4096K)
 Metaspace       used 59651K, committed 60096K, reserved 1105920K
  class space    used 8260K, committed 8448K, reserved 1048576K
}
Event: 3.547 GC heap before
{Heap before GC invocations=16 (full 0):
 garbage-first heap   total 61440K, used 46076K [0x0000000723400000, 0x0000000800000000)
  region size 2048K, 12 young (24576K), 2 survivors (4096K)
 Metaspace       used 61765K, committed 62400K, reserved 1105920K
  class space    used 8639K, committed 8960K, reserved 1048576K
}
Event: 3.549 GC heap after
{Heap after GC invocations=17 (full 0):
 garbage-first heap   total 61440K, used 27689K [0x0000000723400000, 0x0000000800000000)
  region size 2048K, 2 young (4096K), 2 survivors (4096K)
 Metaspace       used 61765K, committed 62400K, reserved 1105920K
  class space    used 8639K, committed 8960K, reserved 1048576K
}
Event: 3.580 GC heap before
{Heap before GC invocations=17 (full 0):
 garbage-first heap   total 61440K, used 29737K [0x0000000723400000, 0x0000000800000000)
  region size 2048K, 3 young (6144K), 2 survivors (4096K)
 Metaspace       used 61919K, committed 62528K, reserved 1105920K
  class space    used 8662K, committed 8960K, reserved 1048576K
}
Event: 3.582 GC heap after
{Heap after GC invocations=18 (full 0):
 garbage-first heap   total 61440K, used 27881K [0x0000000723400000, 0x0000000800000000)
  region size 2048K, 1 young (2048K), 1 survivors (2048K)
 Metaspace       used 61919K, committed 62528K, reserved 1105920K
  class space    used 8662K, committed 8960K, reserved 1048576K
}
Event: 3.733 GC heap before
{Heap before GC invocations=18 (full 0):
 garbage-first heap   total 61440K, used 46313K [0x0000000723400000, 0x0000000800000000)
  region size 2048K, 10 young (20480K), 1 survivors (2048K)
 Metaspace       used 63747K, committed 64320K, reserved 1105920K
  class space    used 8923K, committed 9216K, reserved 1048576K
}
Event: 3.734 GC heap after
{Heap after GC invocations=19 (full 0):
 garbage-first heap   total 61440K, used 29038K [0x0000000723400000, 0x0000000800000000)
  region size 2048K, 1 young (2048K), 1 survivors (2048K)
 Metaspace       used 63747K, committed 64320K, reserved 1105920K
  class space    used 8923K, committed 9216K, reserved 1048576K
}
Event: 5.003 GC heap before
{Heap before GC invocations=20 (full 0):
 garbage-first heap   total 61440K, used 47470K [0x0000000723400000, 0x0000000800000000)
  region size 2048K, 10 young (20480K), 1 survivors (2048K)
 Metaspace       used 67817K, committed 68352K, reserved 1114112K
  class space    used 9458K, committed 9728K, reserved 1048576K
}
Event: 5.006 GC heap after
{Heap after GC invocations=21 (full 0):
 garbage-first heap   total 61440K, used 31337K [0x0000000723400000, 0x0000000800000000)
  region size 2048K, 2 young (4096K), 2 survivors (4096K)
 Metaspace       used 67817K, committed 68352K, reserved 1114112K
  class space    used 9458K, committed 9728K, reserved 1048576K
}
Event: 8.578 GC heap before
{Heap before GC invocations=21 (full 0):
 garbage-first heap   total 61440K, used 45673K [0x0000000723400000, 0x0000000800000000)
  region size 2048K, 10 young (20480K), 2 survivors (4096K)
 Metaspace       used 72011K, committed 72512K, reserved 1114112K
  class space    used 10012K, committed 10240K, reserved 1048576K
}
Event: 8.580 GC heap after
{Heap after GC invocations=22 (full 0):
 garbage-first heap   total 61440K, used 32477K [0x0000000723400000, 0x0000000800000000)
  region size 2048K, 1 young (2048K), 1 survivors (2048K)
 Metaspace       used 72011K, committed 72512K, reserved 1114112K
  class space    used 10012K, committed 10240K, reserved 1048576K
}
Event: 29.476 GC heap before
{Heap before GC invocations=23 (full 0):
 garbage-first heap   total 61440K, used 44765K [0x0000000723400000, 0x0000000800000000)
  region size 2048K, 8 young (16384K), 1 survivors (2048K)
 Metaspace       used 77297K, committed 77888K, reserved 1122304K
  class space    used 10610K, committed 10880K, reserved 1048576K
}
Event: 29.477 GC heap after
{Heap after GC invocations=24 (full 0):
 garbage-first heap   total 61440K, used 34279K [0x0000000723400000, 0x0000000800000000)
  region size 2048K, 1 young (2048K), 1 survivors (2048K)
 Metaspace       used 77297K, committed 77888K, reserved 1122304K
  class space    used 10610K, committed 10880K, reserved 1048576K
}

