<?xml version="1.0" encoding="UTF-8"?>
<testsuite xmlns:xsi="http://www.w3.org/2001/XMLSchema-instance" xsi:noNamespaceSchemaLocation="https://maven.apache.org/surefire/maven-surefire-plugin/xsd/surefire-test-report-3.0.xsd" version="3.0" name="gutenbergproject4cbu.demo.Test.DemoApplicationTests" time="4.53" tests="1" errors="0" skipped="0" failures="0">
  <properties>
[...]
</properties>
  <testcase name="contextLoads" classname="gutenbergproject4cbu.demo.Test.DemoApplicationTests" time="0.338">
    <system-out><![CDATA[16:03:53.889 [main] INFO org.springframework.test.context.support.AnnotationConfigContextLoaderUtils -- Could not detect default configuration classes for test class [gutenbergproject4cbu.demo.Test.DemoApplicationTests]: DemoApplicationTests does not declare any static, non-private, non-final, nested classes annotated with @Configuration.
16:03:53.973 [main] INFO org.springframework.boot.test.context.SpringBootTestContextBootstrapper -- Found @SpringBootConfiguration gutenbergproject4cbu.demo.DemoApplication for test class gutenbergproject4cbu.demo.Test.DemoApplicationTests

  .   ____          _            __ _ _
 /\\ / ___'_ __ _ _(_)_ __  __ _ \ \ \ \
( ( )\___ | '_ | '_| | '_ \/ _` | \ \ \ \
 \\/  ___)| |_)| | | | | || (_| |  ) ) ) )
  '  |____| .__|_| |_|_| |_\__, | / / / /
 =========|_|==============|___/=/_/_/_/
 :: Spring Boot ::                (v3.2.2)

2024-02-16T16:03:54.294+03:00  INFO 20352 --- [           main] g.demo.Test.DemoApplicationTests         : Starting DemoApplicationTests using Java 17.0.1 with PID 20352 (started by pc in C:\Users\pc\Documents\NetBeansProjects\springboot)
2024-02-16T16:03:54.295+03:00  INFO 20352 --- [           main] g.demo.Test.DemoApplicationTests         : No active profile set, falling back to 1 default profile: "default"
2024-02-16T16:03:54.859+03:00  INFO 20352 --- [           main] .s.d.r.c.RepositoryConfigurationDelegate : Bootstrapping Spring Data JPA repositories in DEFAULT mode.
2024-02-16T16:03:54.908+03:00  INFO 20352 --- [           main] .s.d.r.c.RepositoryConfigurationDelegate : Finished Spring Data repository scanning in 42 ms. Found 2 JPA repository interfaces.
2024-02-16T16:03:55.280+03:00  INFO 20352 --- [           main] o.hibernate.jpa.internal.util.LogHelper  : HHH000204: Processing PersistenceUnitInfo [name: default]
2024-02-16T16:03:55.350+03:00  INFO 20352 --- [           main] org.hibernate.Version                    : HHH000412: Hibernate ORM core version 6.4.1.Final
2024-02-16T16:03:55.388+03:00  INFO 20352 --- [           main] o.h.c.internal.RegionFactoryInitiator    : HHH000026: Second-level cache disabled
2024-02-16T16:03:55.650+03:00  INFO 20352 --- [           main] o.s.o.j.p.SpringPersistenceUnitInfo      : No LoadTimeWeaver setup: ignoring JPA class transformer
2024-02-16T16:03:55.678+03:00  INFO 20352 --- [           main] com.zaxxer.hikari.HikariDataSource       : HikariPool-1 - Starting...
2024-02-16T16:03:55.834+03:00  INFO 20352 --- [           main] com.zaxxer.hikari.pool.HikariPool        : HikariPool-1 - Added connection org.postgresql.jdbc.PgConnection@43588265
2024-02-16T16:03:55.835+03:00  INFO 20352 --- [           main] com.zaxxer.hikari.HikariDataSource       : HikariPool-1 - Start completed.
2024-02-16T16:03:56.534+03:00  INFO 20352 --- [           main] o.h.m.i.EntityInstantiatorPojoStandard   : HHH000182: No default (no-argument) constructor for class: gutenbergproject4cbu.demo.model.Book (class must be instantiated by Interceptor)
2024-02-16T16:03:56.682+03:00  INFO 20352 --- [           main] o.h.e.t.j.p.i.JtaPlatformInitiator       : HHH000489: No JTA platform available (set 'hibernate.transaction.jta.platform' to enable JTA platform integration)
2024-02-16T16:03:56.778+03:00  INFO 20352 --- [           main] j.LocalContainerEntityManagerFactoryBean : Initialized JPA EntityManagerFactory for persistence unit 'default'
2024-02-16T16:03:57.029+03:00  INFO 20352 --- [           main] o.s.d.j.r.query.QueryEnhancerFactory     : Hibernate is in classpath; If applicable, HQL parser will be used.
2024-02-16T16:03:57.657+03:00  INFO 20352 --- [           main] o.s.s.web.DefaultSecurityFilterChain     : Will secure any request with [org.springframework.security.web.session.DisableEncodeUrlFilter@181909f0, org.springframework.security.web.context.request.async.WebAsyncManagerIntegrationFilter@1f9af742, org.springframework.security.web.context.SecurityContextHolderFilter@7d5a3b06, org.springframework.security.web.header.HeaderWriterFilter@774b798, org.springframework.web.filter.CorsFilter@113ba21, org.springframework.security.web.authentication.logout.LogoutFilter@4420f4d4, org.springframework.security.web.savedrequest.RequestCacheAwareFilter@35ec675e, org.springframework.security.web.servletapi.SecurityContextHolderAwareRequestFilter@75b57ecd, org.springframework.security.web.authentication.AnonymousAuthenticationFilter@6e1d63ec, org.springframework.security.web.session.SessionManagementFilter@29ae939c, org.springframework.security.web.access.ExceptionTranslationFilter@62a5e4c7, org.springframework.security.web.access.intercept.AuthorizationFilter@521981d9]
2024-02-16T16:03:57.940+03:00  INFO 20352 --- [           main] g.demo.Test.DemoApplicationTests         : Started DemoApplicationTests in 3.839 seconds (process running for 4.556)
]]></system-out>
  </testcase>
</testsuite>